<?xml version="1.0" encoding="UTF-8"?>
<testsuite xmlns:xsi="http://www.w3.org/2001/XMLSchema-instance" xsi:noNamespaceSchemaLocation="https://maven.apache.org/surefire/maven-surefire-plugin/xsd/surefire-test-report.xsd" name="com.bank.transfer.controller.AuditRestControllerTest" time="11.244" tests="2" errors="1" skipped="0" failures="0">
  <properties>
[...]
</properties>
  <testcase name="getAccountTransferByIdTest" classname="com.bank.transfer.controller.AuditRestControllerTest" time="0.466">
    <error message="Java 8 date/time type `java.time.LocalDateTime` not supported by default: add Module &quot;com.fasterxml.jackson.datatype:jackson-datatype-jsr310&quot; to enable handling&#10; at [Source: (String)&quot;{&quot;id&quot;:1,&quot;entityType&quot;:&quot;AccountTransfer&quot;,&quot;operationType&quot;:&quot;UPDATE&quot;,&quot;createdBy&quot;:&quot;111&quot;,&quot;modifiedBy&quot;:&quot;111&quot;,&quot;createdAt&quot;:&quot;2024-12-22T12:36:46.594599&quot;,&quot;modifiedAt&quot;:&quot;2024-12-22T12:40:28.096895&quot;,&quot;newEntityJson&quot;:&quot;{\&quot;id\&quot;:111,\&quot;accountNumber\&quot;:314681,\&quot;amount\&quot;:347574.34,\&quot;purpose\&quot;:\&quot;ivan ivanov\&quot;,\&quot;accountDetailsId\&quot;:5}&quot;,&quot;entityJson&quot;:&quot;{\&quot;id\&quot;:111,\&quot;accountNumber\&quot;:311,\&quot;amount\&quot;:347574.34,\&quot;purpose\&quot;:\&quot;ivan ivanov\&quot;,\&quot;accountDetailsId\&quot;:5}&quot;}&quot;; line: 1, column: 114] (through reference chain: com.bank.transfer.entity.Audit[&quot;createdAt&quot;])" type="com.fasterxml.jackson.databind.exc.InvalidDefinitionException">com.fasterxml.jackson.databind.exc.InvalidDefinitionException: 
Java 8 date/time type `java.time.LocalDateTime` not supported by default: add Module "com.fasterxml.jackson.datatype:jackson-datatype-jsr310" to enable handling
 at [Source: (String)"{"id":1,"entityType":"AccountTransfer","operationType":"UPDATE","createdBy":"111","modifiedBy":"111","createdAt":"2024-12-22T12:36:46.594599","modifiedAt":"2024-12-22T12:40:28.096895","newEntityJson":"{\"id\":111,\"accountNumber\":314681,\"amount\":347574.34,\"purpose\":\"ivan ivanov\",\"accountDetailsId\":5}","entityJson":"{\"id\":111,\"accountNumber\":311,\"amount\":347574.34,\"purpose\":\"ivan ivanov\",\"accountDetailsId\":5}"}"; line: 1, column: 114] (through reference chain: com.bank.transfer.entity.Audit["createdAt"])
	at com.bank.transfer.controller.AuditRestControllerTest.getAccountTransferByIdTest(AuditRestControllerTest.java:122)
</error>
    <system-out><![CDATA[22:59:06.194 [main] DEBUG org.springframework.test.context.BootstrapUtils - Instantiating CacheAwareContextLoaderDelegate from class [org.springframework.test.context.cache.DefaultCacheAwareContextLoaderDelegate]
22:59:06.231 [main] DEBUG org.springframework.test.context.BootstrapUtils - Instantiating BootstrapContext using constructor [public org.springframework.test.context.support.DefaultBootstrapContext(java.lang.Class,org.springframework.test.context.CacheAwareContextLoaderDelegate)]
22:59:06.373 [main] DEBUG org.springframework.test.context.BootstrapUtils - Instantiating TestContextBootstrapper for test class [com.bank.transfer.controller.AuditRestControllerTest] from class [org.springframework.boot.test.autoconfigure.web.servlet.WebMvcTestContextBootstrapper]
22:59:06.441 [main] INFO org.springframework.boot.test.autoconfigure.web.servlet.WebMvcTestContextBootstrapper - Neither @ContextConfiguration nor @ContextHierarchy found for test class [com.bank.transfer.controller.AuditRestControllerTest], using SpringBootContextLoader
22:59:06.488 [main] DEBUG org.springframework.test.context.support.AbstractContextLoader - Did not detect default resource location for test class [com.bank.transfer.controller.AuditRestControllerTest]: class path resource [com/bank/transfer/controller/AuditRestControllerTest-context.xml] does not exist
22:59:06.491 [main] DEBUG org.springframework.test.context.support.AbstractContextLoader - Did not detect default resource location for test class [com.bank.transfer.controller.AuditRestControllerTest]: class path resource [com/bank/transfer/controller/AuditRestControllerTestContext.groovy] does not exist
22:59:06.492 [main] INFO org.springframework.test.context.support.AbstractContextLoader - Could not detect default resource locations for test class [com.bank.transfer.controller.AuditRestControllerTest]: no resource found for suffixes {-context.xml, Context.groovy}.
22:59:06.498 [main] INFO org.springframework.test.context.support.AnnotationConfigContextLoaderUtils - Could not detect default configuration classes for test class [com.bank.transfer.controller.AuditRestControllerTest]: AuditRestControllerTest does not declare any static, non-private, non-final, nested classes annotated with @Configuration.
22:59:06.870 [main] DEBUG org.springframework.test.context.support.ActiveProfilesUtils - Could not find an 'annotation declaring class' for annotation type [org.springframework.test.context.ActiveProfiles] and class [com.bank.transfer.controller.AuditRestControllerTest]
22:59:07.178 [main] DEBUG org.springframework.context.annotation.ClassPathScanningCandidateComponentProvider - Identified candidate component class: file [/Users/aleksandr/Desktop/kata academy/project3/transfer/target/classes/com/bank/transfer/TransferApplication.class]
22:59:07.180 [main] INFO org.springframework.boot.test.context.SpringBootTestContextBootstrapper - Found @SpringBootConfiguration com.bank.transfer.TransferApplication for test class com.bank.transfer.controller.AuditRestControllerTest
22:59:07.188 [main] DEBUG org.springframework.boot.test.autoconfigure.web.servlet.WebMvcTestContextBootstrapper - @TestExecutionListeners is not present for class [com.bank.transfer.controller.AuditRestControllerTest]: using defaults.
22:59:07.190 [main] INFO org.springframework.boot.test.autoconfigure.web.servlet.WebMvcTestContextBootstrapper - Loaded default TestExecutionListener class names from location [META-INF/spring.factories]: [org.springframework.boot.test.mock.mockito.MockitoTestExecutionListener, org.springframework.boot.test.mock.mockito.ResetMocksTestExecutionListener, org.springframework.boot.test.autoconfigure.restdocs.RestDocsTestExecutionListener, org.springframework.boot.test.autoconfigure.web.client.MockRestServiceServerResetTestExecutionListener, org.springframework.boot.test.autoconfigure.web.servlet.MockMvcPrintOnlyOnFailureTestExecutionListener, org.springframework.boot.test.autoconfigure.web.servlet.WebDriverTestExecutionListener, org.springframework.boot.test.autoconfigure.webservices.client.MockWebServiceServerTestExecutionListener, org.springframework.test.context.web.ServletTestExecutionListener, org.springframework.test.context.support.DirtiesContextBeforeModesTestExecutionListener, org.springframework.test.context.event.ApplicationEventsTestExecutionListener, org.springframework.test.context.support.DependencyInjectionTestExecutionListener, org.springframework.test.context.support.DirtiesContextTestExecutionListener, org.springframework.test.context.transaction.TransactionalTestExecutionListener, org.springframework.test.context.jdbc.SqlScriptsTestExecutionListener, org.springframework.test.context.event.EventPublishingTestExecutionListener]
22:59:07.257 [main] INFO org.springframework.boot.test.autoconfigure.web.servlet.WebMvcTestContextBootstrapper - Using TestExecutionListeners: [org.springframework.test.context.web.ServletTestExecutionListener@6b16de91, org.springframework.test.context.support.DirtiesContextBeforeModesTestExecutionListener@71bb8b34, org.springframework.test.context.event.ApplicationEventsTestExecutionListener@197ce367, org.springframework.boot.test.mock.mockito.MockitoTestExecutionListener@383cdd4d, org.springframework.boot.test.autoconfigure.SpringBootDependencyInjectionTestExecutionListener@65036e8d, org.springframework.test.context.support.DirtiesContextTestExecutionListener@48ccbb32, org.springframework.test.context.transaction.TransactionalTestExecutionListener@36551e97, org.springframework.test.context.jdbc.SqlScriptsTestExecutionListener@685d7ba5, org.springframework.test.context.event.EventPublishingTestExecutionListener@16d41725, org.springframework.boot.test.mock.mockito.ResetMocksTestExecutionListener@3b6c2be6, org.springframework.boot.test.autoconfigure.restdocs.RestDocsTestExecutionListener@25533bba, org.springframework.boot.test.autoconfigure.web.client.MockRestServiceServerResetTestExecutionListener@26d0ece6, org.springframework.boot.test.autoconfigure.web.servlet.MockMvcPrintOnlyOnFailureTestExecutionListener@100bba26, org.springframework.boot.test.autoconfigure.web.servlet.WebDriverTestExecutionListener@4ae280da, org.springframework.boot.test.autoconfigure.webservices.client.MockWebServiceServerTestExecutionListener@76d0ecd7]
22:59:07.269 [main] DEBUG org.springframework.test.context.support.AbstractDirtiesContextTestExecutionListener - Before test class: context [DefaultTestContext@221ca495 testClass = AuditRestControllerTest, testInstance = [null], testMethod = [null], testException = [null], mergedContextConfiguration = [WebMergedContextConfiguration@119d4443 testClass = AuditRestControllerTest, locations = '{}', classes = '{class com.bank.transfer.TransferApplication}', contextInitializerClasses = '[]', activeProfiles = '{}', propertySourceLocations = '{}', propertySourceProperties = '{org.springframework.boot.test.autoconfigure.web.servlet.WebMvcTestContextBootstrapper=true}', contextCustomizers = set[[ImportsContextCustomizer@773eca84 key = [org.springframework.boot.autoconfigure.cache.CacheAutoConfiguration, org.springframework.boot.autoconfigure.context.MessageSourceAutoConfiguration, org.springframework.boot.autoconfigure.data.web.SpringDataWebAutoConfiguration, org.springframework.boot.autoconfigure.freemarker.FreeMarkerAutoConfiguration, org.springframework.boot.autoconfigure.groovy.template.GroovyTemplateAutoConfiguration, org.springframework.boot.autoconfigure.gson.GsonAutoConfiguration, org.springframework.boot.autoconfigure.hateoas.HypermediaAutoConfiguration, org.springframework.boot.autoconfigure.http.HttpMessageConvertersAutoConfiguration, org.springframework.boot.autoconfigure.jackson.JacksonAutoConfiguration, org.springframework.boot.autoconfigure.jsonb.JsonbAutoConfiguration, org.springframework.boot.autoconfigure.mustache.MustacheAutoConfiguration, org.springframework.boot.autoconfigure.task.TaskExecutionAutoConfiguration, org.springframework.boot.autoconfigure.thymeleaf.ThymeleafAutoConfiguration, org.springframework.boot.autoconfigure.validation.ValidationAutoConfiguration, org.springframework.boot.autoconfigure.web.servlet.error.ErrorMvcAutoConfiguration, org.springframework.boot.autoconfigure.web.servlet.HttpEncodingAutoConfiguration, org.springframework.boot.autoconfigure.web.servlet.WebMvcAutoConfiguration, org.springframework.boot.test.autoconfigure.web.servlet.MockMvcAutoConfiguration, org.springframework.boot.test.autoconfigure.web.servlet.MockMvcWebClientAutoConfiguration, org.springframework.boot.test.autoconfigure.web.servlet.MockMvcWebDriverAutoConfiguration, org.springframework.boot.autoconfigure.security.oauth2.client.servlet.OAuth2ClientAutoConfiguration, org.springframework.boot.autoconfigure.security.oauth2.resource.servlet.OAuth2ResourceServerAutoConfiguration, org.springframework.boot.autoconfigure.security.servlet.SecurityAutoConfiguration, org.springframework.boot.autoconfigure.security.servlet.SecurityFilterAutoConfiguration, org.springframework.boot.autoconfigure.security.servlet.UserDetailsServiceAutoConfiguration, org.springframework.boot.test.autoconfigure.web.servlet.MockMvcSecurityConfiguration, org.springframework.boot.test.autoconfigure.web.reactive.WebTestClientAutoConfiguration]], org.springframework.boot.test.context.filter.ExcludeFilterContextCustomizer@12fcb2c3, org.springframework.boot.test.json.DuplicateJsonObjectContextCustomizerFactory$DuplicateJsonObjectContextCustomizer@77cca767, org.springframework.boot.test.mock.mockito.MockitoContextCustomizer@af73820, org.springframework.boot.test.autoconfigure.OverrideAutoConfigurationContextCustomizerFactory$DisableAutoConfigurationContextCustomizer@551be9f6, org.springframework.boot.test.autoconfigure.actuate.metrics.MetricsExportContextCustomizerFactory$DisableMetricExportContextCustomizer@7d3691e1, org.springframework.boot.test.autoconfigure.filter.TypeExcludeFiltersContextCustomizer@fc2f30ce, org.springframework.boot.test.autoconfigure.properties.PropertyMappingContextCustomizer@1c326e64, org.springframework.boot.test.autoconfigure.web.servlet.WebDriverContextCustomizerFactory$Customizer@4aed311e, org.springframework.boot.test.context.SpringBootTestArgs@1, org.springframework.boot.test.context.SpringBootTestWebEnvironment@0], resourceBasePath = 'src/main/webapp', contextLoader = 'org.springframework.boot.test.context.SpringBootContextLoader', parent = [null]], attributes = map[[empty]]], class annotated with @DirtiesContext [false] with mode [null].

  .   ____          _            __ _ _
 /\\ / ___'_ __ _ _(_)_ __  __ _ \ \ \ \
( ( )\___ | '_ | '_| | '_ \/ _` | \ \ \ \
 \\/  ___)| |_)| | | | | || (_| |  ) ) ) )
  '  |____| .__|_| |_|_| |_\__, | / / / /
 =========|_|==============|___/=/_/_/_/
 :: Spring Boot ::                (v2.7.5)

2024-12-22 22:59:10.681  INFO 34870 --- [           main] c.b.t.c.AuditRestControllerTest          : Starting AuditRestControllerTest using Java 17.0.13 on MacBook-Air-Aleksandr.local with PID 34870 (started by aleksandr in /Users/aleksandr/Desktop/kata academy/project3/transfer)
2024-12-22 22:59:10.684  INFO 34870 --- [           main] c.b.t.c.AuditRestControllerTest          : The following 1 profile is active: "local"
2024-12-22 22:59:16.385  INFO 34870 --- [           main] o.s.b.t.m.w.SpringBootMockServletContext : Initializing Spring TestDispatcherServlet ''
2024-12-22 22:59:16.386  INFO 34870 --- [           main] o.s.t.web.servlet.TestDispatcherServlet  : Initializing Servlet ''
2024-12-22 22:59:16.390  INFO 34870 --- [           main] o.s.t.web.servlet.TestDispatcherServlet  : Completed initialization in 4 ms
2024-12-22 22:59:16.480  INFO 34870 --- [           main] c.b.t.c.AuditRestControllerTest          : Started AuditRestControllerTest in 7.652 seconds (JVM running for 17.194)

MockHttpServletRequest:
      HTTP Method = GET
      Request URI = /audit/1
       Parameters = {}
          Headers = [Accept:"application/json"]
             Body = null
    Session Attrs = {}

Handler:
             Type = com.bank.transfer.controller.AuditRestController
           Method = com.bank.transfer.controller.AuditRestController#getAuditById(Long)

Async:
    Async started = false
     Async result = null

Resolved Exception:
             Type = null

ModelAndView:
        View name = null
             View = null
            Model = null

FlashMap:
       Attributes = null

MockHttpServletResponse:
           Status = 200
    Error message = null
          Headers = [Content-Type:"application/json"]
     Content type = application/json
             Body = {"id":1,"entityType":"AccountTransfer","operationType":"UPDATE","createdBy":"111","modifiedBy":"111","createdAt":"2024-12-22T12:36:46.594599","modifiedAt":"2024-12-22T12:40:28.096895","newEntityJson":"{\"id\":111,\"accountNumber\":314681,\"amount\":347574.34,\"purpose\":\"ivan ivanov\",\"accountDetailsId\":5}","entityJson":"{\"id\":111,\"accountNumber\":311,\"amount\":347574.34,\"purpose\":\"ivan ivanov\",\"accountDetailsId\":5}"}
    Forwarded URL = null
   Redirected URL = null
          Cookies = []
]]></system-out>
  </testcase>
  <testcase name="getAccountTransferTest" classname="com.bank.transfer.controller.AuditRestControllerTest" time="0.029"/>
</testsuite>