<?xml version="1.0" encoding="UTF-8"?>
<testsuite xmlns:xsi="http://www.w3.org/2001/XMLSchema-instance" xsi:noNamespaceSchemaLocation="https://maven.apache.org/surefire/maven-surefire-plugin/xsd/surefire-test-report.xsd" name="com.bank.transfer.TransferApplicationTest" time="6.661" tests="2" errors="0" skipped="0" failures="0">
  <properties>
[...]
</properties>
  <testcase name="mainMethodRuns" classname="com.bank.transfer.TransferApplicationTest" time="6.634"/>
  <testcase name="contextLoads" classname="com.bank.transfer.TransferApplicationTest" time="0.009"/>
</testsuite>